<?xml version="1.0" encoding="UTF-8"?>
<!-- Generated by org.testng.reporters.JUnitReportReporter -->
<testsuite hostname="DESKTOP-601D2VQ" failures="0" tests="7" name="swaglap.teatSwag" time="0.772" errors="0" timestamp="2024-01-30T14:59:23 CET" skipped="6">
  <testcase classname="swaglap.teatSwag" name="TestLogin" time="0.772"/>
  <system-out/>
  <testcase classname="swaglap.teatSwag" name="addallitem">
    <skipped/>
  </testcase> <!-- addallitem -->
  <system-out/>
  <testcase classname="swaglap.teatSwag" name="addtocart">
    <skipped/>
  </testcase> <!-- addtocart -->
  <system-out/>
  <testcase classname="swaglap.teatSwag" name="removellitem">
    <skipped/>
  </testcase> <!-- removellitem -->
  <system-out/>
  <testcase classname="swaglap.teatSwag" name="printname">
    <skipped/>
  </testcase> <!-- printname -->
  <system-out/>
  <testcase classname="swaglap.teatSwag" name="shoping">
    <skipped/>
  </testcase> <!-- shoping -->
  <system-out/>
  <testcase classname="swaglap.teatSwag" name="printallitem">
    <skipped/>
  </testcase> <!-- printallitem -->
  <system-out/>
</testsuite> <!-- swaglap.teatSwag -->
