<?xml version="1.0" encoding="UTF-8"?>
<!-- Generated by org.testng.reporters.JUnitReportReporter -->
<testsuite hostname="DESKTOP-601D2VQ" failures="0" tests="1" name="swaglap.sreenshot" time="0.167" errors="0" timestamp="2024-02-12T15:22:12 EET" skipped="0">
  <testcase classname="swaglap.sreenshot" name="Test" time="0.167"/>
  <system-out/>
</testsuite> <!-- swaglap.sreenshot -->
